[32m2024-07-26 15:43:07 +0200[0m - dagster - [34mDEBUG[0m - __ASSET_JOB - 1a882d91-af60-4f1e-9060-0d871ef3486c - 3638 - LOGS_CAPTURED - Started capturing logs in process (pid: 3638).
[32m2024-07-26 15:43:07 +0200[0m - dagster - [34mDEBUG[0m - __ASSET_JOB - 1a882d91-af60-4f1e-9060-0d871ef3486c - 3638 - dbtfirstproject_dbt_assets - STEP_START - Started execution of step "dbtfirstproject_dbt_assets".
[32m2024-07-26 15:43:07 +0200[0m - dagster - [34mINFO[0m - __ASSET_JOB - 1a882d91-af60-4f1e-9060-0d871ef3486c - dbtfirstproject_dbt_assets - A dbt subsetted execution is not being performed. Using the default dbt selection arguments `['--select', 'fqn:*']`.
[32m2024-07-26 15:43:07 +0200[0m - dagster - [34mINFO[0m - __ASSET_JOB - 1a882d91-af60-4f1e-9060-0d871ef3486c - dbtfirstproject_dbt_assets - Copying `/Users/daniraouf/Documents/DBT /dbtfirstproject/target/partial_parse.msgpack` to `/Users/daniraouf/Documents/DBT /dbtfirstproject/target/dbtfirstproject_dbt_assets-1a882d9-a655a4a/partial_parse.msgpack` to take advantage of partial parsing.
[32m2024-07-26 15:43:08 +0200[0m - dagster - [34mINFO[0m - __ASSET_JOB - 1a882d91-af60-4f1e-9060-0d871ef3486c - dbtfirstproject_dbt_assets - Running dbt command: `dbt build --select fqn:*`.
[32m2024-07-26 15:43:17 +0200[0m - dagster - [34mDEBUG[0m - __ASSET_JOB - 1a882d91-af60-4f1e-9060-0d871ef3486c - 3638 - dbtfirstproject_dbt_assets - STEP_OUTPUT - Yielded output "seed_dbtfirstproject_seed_full_moon_dates" of type "Nothing". (Type check passed).
[32m2024-07-26 15:43:17 +0200[0m - dagster - [34mDEBUG[0m - __ASSET_JOB - 1a882d91-af60-4f1e-9060-0d871ef3486c - 3638 - dbtfirstproject_dbt_assets - ASSET_MATERIALIZATION - Materialized value seed_full_moon_dates.
[32m2024-07-26 15:43:18 +0200[0m - dagster - [34mWARNING[0m - __ASSET_JOB - 1a882d91-af60-4f1e-9060-0d871ef3486c - dbtfirstproject_dbt_assets - Logging an `AssetObservation` instead of an `AssetCheckResult` for dbt test `dbt_expectations_source_expect_column_distinct_count_to_equal_airbnb_listings_room_type__4`.

This test was included in Dagster's asset check selection, and was likely executed due to dbt indirect selection.
[32m2024-07-26 15:43:18 +0200[0m - dagster - [34mDEBUG[0m - __ASSET_JOB - 1a882d91-af60-4f1e-9060-0d871ef3486c - 3638 - dbtfirstproject_dbt_assets - ASSET_OBSERVATION - DagsterEventType.ASSET_OBSERVATION for step dbtfirstproject_dbt_assets
[32m2024-07-26 15:43:20 +0200[0m - dagster - [34mWARNING[0m - __ASSET_JOB - 1a882d91-af60-4f1e-9060-0d871ef3486c - dbtfirstproject_dbt_assets - Logging an `AssetObservation` instead of an `AssetCheckResult` for dbt test `dbt_expectations_source_expect_column_values_to_match_regex_airbnb_listings_price___0_9_0_9_`.

This test was included in Dagster's asset check selection, and was likely executed due to dbt indirect selection.
[32m2024-07-26 15:43:20 +0200[0m - dagster - [34mDEBUG[0m - __ASSET_JOB - 1a882d91-af60-4f1e-9060-0d871ef3486c - 3638 - dbtfirstproject_dbt_assets - ASSET_OBSERVATION - DagsterEventType.ASSET_OBSERVATION for step dbtfirstproject_dbt_assets
[32m2024-07-26 15:43:21 +0200[0m - dagster - [34mDEBUG[0m - __ASSET_JOB - 1a882d91-af60-4f1e-9060-0d871ef3486c - 3638 - dbtfirstproject_dbt_assets - STEP_OUTPUT - Yielded output "model_dbtfirstproject_dim_hosts_cleansed" of type "Nothing". (Type check passed).
[32m2024-07-26 15:43:21 +0200[0m - dagster - [34mDEBUG[0m - __ASSET_JOB - 1a882d91-af60-4f1e-9060-0d871ef3486c - 3638 - dbtfirstproject_dbt_assets - ASSET_MATERIALIZATION - Materialized value dim_hosts_cleansed.
[32m2024-07-26 15:43:25 +0200[0m - dagster - [34mDEBUG[0m - __ASSET_JOB - 1a882d91-af60-4f1e-9060-0d871ef3486c - 3638 - dbtfirstproject_dbt_assets - STEP_OUTPUT - Yielded output "model_dbtfirstproject_fct_reviews" of type "Nothing". (Type check passed).
[32m2024-07-26 15:43:25 +0200[0m - dagster - [34mDEBUG[0m - __ASSET_JOB - 1a882d91-af60-4f1e-9060-0d871ef3486c - 3638 - dbtfirstproject_dbt_assets - ASSET_MATERIALIZATION - Materialized value fct_reviews.
[32m2024-07-26 15:43:30 +0200[0m - dagster - [34mDEBUG[0m - __ASSET_JOB - 1a882d91-af60-4f1e-9060-0d871ef3486c - 3638 - dbtfirstproject_dbt_assets - STEP_OUTPUT - Yielded output "snapshot_dbtfirstproject_scd_raw_listings" of type "Nothing". (Type check passed).
[32m2024-07-26 15:43:30 +0200[0m - dagster - [34mDEBUG[0m - __ASSET_JOB - 1a882d91-af60-4f1e-9060-0d871ef3486c - 3638 - dbtfirstproject_dbt_assets - ASSET_MATERIALIZATION - Materialized value scd_raw_listings.
[32m2024-07-26 15:43:32 +0200[0m - dagster - [34mDEBUG[0m - __ASSET_JOB - 1a882d91-af60-4f1e-9060-0d871ef3486c - 3638 - dbtfirstproject_dbt_assets - ASSET_CHECK_EVALUATION - DagsterEventType.ASSET_CHECK_EVALUATION for step dbtfirstproject_dbt_assets
[32m2024-07-26 15:43:32 +0200[0m - dagster - [34mDEBUG[0m - __ASSET_JOB - 1a882d91-af60-4f1e-9060-0d871ef3486c - 3638 - dbtfirstproject_dbt_assets - STEP_OUTPUT - Yielded output "dim_hosts_cleansed_accepted_values_dim_hosts_cleansed_is_superhost__t__f" of type "Any". (Type check passed).
[32m2024-07-26 15:43:33 +0200[0m - dagster - [34mDEBUG[0m - __ASSET_JOB - 1a882d91-af60-4f1e-9060-0d871ef3486c - 3638 - dbtfirstproject_dbt_assets - ASSET_CHECK_EVALUATION - DagsterEventType.ASSET_CHECK_EVALUATION for step dbtfirstproject_dbt_assets
[32m2024-07-26 15:43:33 +0200[0m - dagster - [34mDEBUG[0m - __ASSET_JOB - 1a882d91-af60-4f1e-9060-0d871ef3486c - 3638 - dbtfirstproject_dbt_assets - STEP_OUTPUT - Yielded output "dim_hosts_cleansed_not_null_dim_hosts_cleansed_host_id" of type "Any". (Type check passed).
[32m2024-07-26 15:43:34 +0200[0m - dagster - [34mDEBUG[0m - __ASSET_JOB - 1a882d91-af60-4f1e-9060-0d871ef3486c - 3638 - dbtfirstproject_dbt_assets - ASSET_CHECK_EVALUATION - DagsterEventType.ASSET_CHECK_EVALUATION for step dbtfirstproject_dbt_assets
[32m2024-07-26 15:43:34 +0200[0m - dagster - [34mDEBUG[0m - __ASSET_JOB - 1a882d91-af60-4f1e-9060-0d871ef3486c - 3638 - dbtfirstproject_dbt_assets - STEP_OUTPUT - Yielded output "dim_hosts_cleansed_not_null_dim_hosts_cleansed_host_name" of type "Any". (Type check passed).
[32m2024-07-26 15:43:35 +0200[0m - dagster - [34mDEBUG[0m - __ASSET_JOB - 1a882d91-af60-4f1e-9060-0d871ef3486c - 3638 - dbtfirstproject_dbt_assets - ASSET_CHECK_EVALUATION - DagsterEventType.ASSET_CHECK_EVALUATION for step dbtfirstproject_dbt_assets
[32m2024-07-26 15:43:35 +0200[0m - dagster - [34mDEBUG[0m - __ASSET_JOB - 1a882d91-af60-4f1e-9060-0d871ef3486c - 3638 - dbtfirstproject_dbt_assets - STEP_OUTPUT - Yielded output "dim_hosts_cleansed_unique_dim_hosts_cleansed_host_id" of type "Any". (Type check passed).
[32m2024-07-26 15:43:37 +0200[0m - dagster - [34mDEBUG[0m - __ASSET_JOB - 1a882d91-af60-4f1e-9060-0d871ef3486c - 3638 - dbtfirstproject_dbt_assets - ASSET_CHECK_EVALUATION - DagsterEventType.ASSET_CHECK_EVALUATION for step dbtfirstproject_dbt_assets
[32m2024-07-26 15:43:37 +0200[0m - dagster - [34mDEBUG[0m - __ASSET_JOB - 1a882d91-af60-4f1e-9060-0d871ef3486c - 3638 - dbtfirstproject_dbt_assets - STEP_OUTPUT - Yielded output "fct_reviews_accepted_values_fct_reviews_review_sentiment__positive__neutral__negative" of type "Any". (Type check passed).
[32m2024-07-26 15:43:38 +0200[0m - dagster - [34mDEBUG[0m - __ASSET_JOB - 1a882d91-af60-4f1e-9060-0d871ef3486c - 3638 - dbtfirstproject_dbt_assets - ASSET_CHECK_EVALUATION - DagsterEventType.ASSET_CHECK_EVALUATION for step dbtfirstproject_dbt_assets
[32m2024-07-26 15:43:38 +0200[0m - dagster - [34mDEBUG[0m - __ASSET_JOB - 1a882d91-af60-4f1e-9060-0d871ef3486c - 3638 - dbtfirstproject_dbt_assets - STEP_OUTPUT - Yielded output "fct_reviews_not_null_fct_reviews_reviewer_name" of type "Any". (Type check passed).
[32m2024-07-26 15:43:40 +0200[0m - dagster - [34mDEBUG[0m - __ASSET_JOB - 1a882d91-af60-4f1e-9060-0d871ef3486c - 3638 - dbtfirstproject_dbt_assets - STEP_OUTPUT - Yielded output "model_dbtfirstproject_dim_listings_cleansed" of type "Nothing". (Type check passed).
[32m2024-07-26 15:43:40 +0200[0m - dagster - [34mDEBUG[0m - __ASSET_JOB - 1a882d91-af60-4f1e-9060-0d871ef3486c - 3638 - dbtfirstproject_dbt_assets - ASSET_MATERIALIZATION - Materialized value dim_listings_cleansed.
[32m2024-07-26 15:43:44 +0200[0m - dagster - [34mDEBUG[0m - __ASSET_JOB - 1a882d91-af60-4f1e-9060-0d871ef3486c - 3638 - dbtfirstproject_dbt_assets - STEP_OUTPUT - Yielded output "model_dbtfirstproject_mart_fullmoon_review" of type "Nothing". (Type check passed).
[32m2024-07-26 15:43:44 +0200[0m - dagster - [34mDEBUG[0m - __ASSET_JOB - 1a882d91-af60-4f1e-9060-0d871ef3486c - 3638 - dbtfirstproject_dbt_assets - ASSET_MATERIALIZATION - Materialized value mart_fullmoon_review.
[32m2024-07-26 15:43:45 +0200[0m - dagster - [34mDEBUG[0m - __ASSET_JOB - 1a882d91-af60-4f1e-9060-0d871ef3486c - 3638 - dbtfirstproject_dbt_assets - ASSET_CHECK_EVALUATION - DagsterEventType.ASSET_CHECK_EVALUATION for step dbtfirstproject_dbt_assets
[32m2024-07-26 15:43:45 +0200[0m - dagster - [34mDEBUG[0m - __ASSET_JOB - 1a882d91-af60-4f1e-9060-0d871ef3486c - 3638 - dbtfirstproject_dbt_assets - STEP_OUTPUT - Yielded output "dim_listings_cleansed_accepted_values_dim_listings_cleansed_room_type__Entire_home_apt__Private_room__Shared_room__Hotel_room" of type "Any". (Type check passed).
[32m2024-07-26 15:43:46 +0200[0m - dagster - [34mWARNING[0m - __ASSET_JOB - 1a882d91-af60-4f1e-9060-0d871ef3486c - dbtfirstproject_dbt_assets - Logging an `AssetObservation` instead of an `AssetCheckResult` for dbt test `consistent_created_at`.

`consistent_created_at` is a singular test with multiple dependencies. Configure an asset key in the test's dbt meta to load it as an asset check.

This test was included in Dagster's asset check selection, and was likely executed due to dbt indirect selection.
[32m2024-07-26 15:43:46 +0200[0m - dagster - [34mDEBUG[0m - __ASSET_JOB - 1a882d91-af60-4f1e-9060-0d871ef3486c - 3638 - dbtfirstproject_dbt_assets - ASSET_OBSERVATION - DagsterEventType.ASSET_OBSERVATION for step dbtfirstproject_dbt_assets
[32m2024-07-26 15:43:47 +0200[0m - dagster - [34mDEBUG[0m - __ASSET_JOB - 1a882d91-af60-4f1e-9060-0d871ef3486c - 3638 - dbtfirstproject_dbt_assets - ASSET_OBSERVATION - DagsterEventType.ASSET_OBSERVATION for step dbtfirstproject_dbt_assets
[32m2024-07-26 15:43:48 +0200[0m - dagster - [34mDEBUG[0m - __ASSET_JOB - 1a882d91-af60-4f1e-9060-0d871ef3486c - 3638 - dbtfirstproject_dbt_assets - ASSET_CHECK_EVALUATION - DagsterEventType.ASSET_CHECK_EVALUATION for step dbtfirstproject_dbt_assets
[32m2024-07-26 15:43:48 +0200[0m - dagster - [34mDEBUG[0m - __ASSET_JOB - 1a882d91-af60-4f1e-9060-0d871ef3486c - 3638 - dbtfirstproject_dbt_assets - STEP_OUTPUT - Yielded output "dim_listings_cleansed_dim_listings_minimun_nights" of type "Any". (Type check passed).
[32m2024-07-26 15:43:49 +0200[0m - dagster - [34mDEBUG[0m - __ASSET_JOB - 1a882d91-af60-4f1e-9060-0d871ef3486c - 3638 - dbtfirstproject_dbt_assets - ASSET_CHECK_EVALUATION - DagsterEventType.ASSET_CHECK_EVALUATION for step dbtfirstproject_dbt_assets
[32m2024-07-26 15:43:49 +0200[0m - dagster - [34mDEBUG[0m - __ASSET_JOB - 1a882d91-af60-4f1e-9060-0d871ef3486c - 3638 - dbtfirstproject_dbt_assets - STEP_OUTPUT - Yielded output "dim_listings_cleansed_no_nulls_in_dim_listings" of type "Any". (Type check passed).
[32m2024-07-26 15:43:50 +0200[0m - dagster - [34mDEBUG[0m - __ASSET_JOB - 1a882d91-af60-4f1e-9060-0d871ef3486c - 3638 - dbtfirstproject_dbt_assets - ASSET_CHECK_EVALUATION - DagsterEventType.ASSET_CHECK_EVALUATION for step dbtfirstproject_dbt_assets
[32m2024-07-26 15:43:50 +0200[0m - dagster - [34mDEBUG[0m - __ASSET_JOB - 1a882d91-af60-4f1e-9060-0d871ef3486c - 3638 - dbtfirstproject_dbt_assets - STEP_OUTPUT - Yielded output "dim_listings_cleansed_not_null_dim_listings_cleansed_host_id" of type "Any". (Type check passed).
[32m2024-07-26 15:43:51 +0200[0m - dagster - [34mDEBUG[0m - __ASSET_JOB - 1a882d91-af60-4f1e-9060-0d871ef3486c - 3638 - dbtfirstproject_dbt_assets - ASSET_CHECK_EVALUATION - DagsterEventType.ASSET_CHECK_EVALUATION for step dbtfirstproject_dbt_assets
[32m2024-07-26 15:43:51 +0200[0m - dagster - [34mDEBUG[0m - __ASSET_JOB - 1a882d91-af60-4f1e-9060-0d871ef3486c - 3638 - dbtfirstproject_dbt_assets - STEP_OUTPUT - Yielded output "dim_listings_cleansed_not_null_dim_listings_cleansed_listing_id" of type "Any". (Type check passed).
[32m2024-07-26 15:43:53 +0200[0m - dagster - [34mDEBUG[0m - __ASSET_JOB - 1a882d91-af60-4f1e-9060-0d871ef3486c - 3638 - dbtfirstproject_dbt_assets - ASSET_CHECK_EVALUATION - DagsterEventType.ASSET_CHECK_EVALUATION for step dbtfirstproject_dbt_assets
[32m2024-07-26 15:43:53 +0200[0m - dagster - [34mDEBUG[0m - __ASSET_JOB - 1a882d91-af60-4f1e-9060-0d871ef3486c - 3638 - dbtfirstproject_dbt_assets - STEP_OUTPUT - Yielded output "dim_listings_cleansed_positive_value_dim_listings_cleansed_minimum_nights" of type "Any". (Type check passed).
[32m2024-07-26 15:43:54 +0200[0m - dagster - [34mDEBUG[0m - __ASSET_JOB - 1a882d91-af60-4f1e-9060-0d871ef3486c - 3638 - dbtfirstproject_dbt_assets - ASSET_CHECK_EVALUATION - DagsterEventType.ASSET_CHECK_EVALUATION for step dbtfirstproject_dbt_assets
[32m2024-07-26 15:43:54 +0200[0m - dagster - [34mDEBUG[0m - __ASSET_JOB - 1a882d91-af60-4f1e-9060-0d871ef3486c - 3638 - dbtfirstproject_dbt_assets - STEP_OUTPUT - Yielded output "dim_listings_cleansed_relationships_dim_listings_cleansed_host_id__host_id__ref_dim_hosts_cleansed_" of type "Any". (Type check passed).
[32m2024-07-26 15:43:55 +0200[0m - dagster - [34mDEBUG[0m - __ASSET_JOB - 1a882d91-af60-4f1e-9060-0d871ef3486c - 3638 - dbtfirstproject_dbt_assets - ASSET_CHECK_EVALUATION - DagsterEventType.ASSET_CHECK_EVALUATION for step dbtfirstproject_dbt_assets
[32m2024-07-26 15:43:55 +0200[0m - dagster - [34mDEBUG[0m - __ASSET_JOB - 1a882d91-af60-4f1e-9060-0d871ef3486c - 3638 - dbtfirstproject_dbt_assets - STEP_OUTPUT - Yielded output "fct_reviews_relationships_fct_reviews_listing_id__listing_id__ref_dim_listings_cleansed_" of type "Any". (Type check passed).
[32m2024-07-26 15:43:56 +0200[0m - dagster - [34mDEBUG[0m - __ASSET_JOB - 1a882d91-af60-4f1e-9060-0d871ef3486c - 3638 - dbtfirstproject_dbt_assets - ASSET_CHECK_EVALUATION - DagsterEventType.ASSET_CHECK_EVALUATION for step dbtfirstproject_dbt_assets
[32m2024-07-26 15:43:56 +0200[0m - dagster - [34mDEBUG[0m - __ASSET_JOB - 1a882d91-af60-4f1e-9060-0d871ef3486c - 3638 - dbtfirstproject_dbt_assets - STEP_OUTPUT - Yielded output "dim_listings_cleansed_unique_dim_listings_cleansed_listing_id" of type "Any". (Type check passed).
[32m2024-07-26 15:43:59 +0200[0m - dagster - [34mDEBUG[0m - __ASSET_JOB - 1a882d91-af60-4f1e-9060-0d871ef3486c - 3638 - dbtfirstproject_dbt_assets - STEP_OUTPUT - Yielded output "model_dbtfirstproject_dim_listings_w_hosts" of type "Nothing". (Type check passed).
[32m2024-07-26 15:43:59 +0200[0m - dagster - [34mDEBUG[0m - __ASSET_JOB - 1a882d91-af60-4f1e-9060-0d871ef3486c - 3638 - dbtfirstproject_dbt_assets - ASSET_MATERIALIZATION - Materialized value dim_listings_w_hosts.
[32m2024-07-26 15:44:00 +0200[0m - dagster - [34mDEBUG[0m - __ASSET_JOB - 1a882d91-af60-4f1e-9060-0d871ef3486c - 3638 - dbtfirstproject_dbt_assets - ASSET_CHECK_EVALUATION - DagsterEventType.ASSET_CHECK_EVALUATION for step dbtfirstproject_dbt_assets
[32m2024-07-26 15:44:00 +0200[0m - dagster - [34mDEBUG[0m - __ASSET_JOB - 1a882d91-af60-4f1e-9060-0d871ef3486c - 3638 - dbtfirstproject_dbt_assets - STEP_OUTPUT - Yielded output "dim_listings_w_hosts_dbt_expectations_expect_column_max_to_be_between_dim_listings_w_hosts_price__5000" of type "Any". (Type check passed).
[32m2024-07-26 15:44:01 +0200[0m - dagster - [34mDEBUG[0m - __ASSET_JOB - 1a882d91-af60-4f1e-9060-0d871ef3486c - 3638 - dbtfirstproject_dbt_assets - ASSET_CHECK_EVALUATION - DagsterEventType.ASSET_CHECK_EVALUATION for step dbtfirstproject_dbt_assets
[32m2024-07-26 15:44:01 +0200[0m - dagster - [34mDEBUG[0m - __ASSET_JOB - 1a882d91-af60-4f1e-9060-0d871ef3486c - 3638 - dbtfirstproject_dbt_assets - STEP_OUTPUT - Yielded output "dim_listings_w_hosts_dbt_expectations_expect_column_quantile_values_to_be_between_dim_listings_w_hosts_price__500__50__0_99" of type "Any". (Type check passed).
[32m2024-07-26 15:44:02 +0200[0m - dagster - [34mDEBUG[0m - __ASSET_JOB - 1a882d91-af60-4f1e-9060-0d871ef3486c - 3638 - dbtfirstproject_dbt_assets - ASSET_CHECK_EVALUATION - DagsterEventType.ASSET_CHECK_EVALUATION for step dbtfirstproject_dbt_assets
[32m2024-07-26 15:44:02 +0200[0m - dagster - [34mDEBUG[0m - __ASSET_JOB - 1a882d91-af60-4f1e-9060-0d871ef3486c - 3638 - dbtfirstproject_dbt_assets - STEP_OUTPUT - Yielded output "dim_listings_w_hosts_dbt_expectations_expect_column_values_to_be_of_type_dim_listings_w_hosts_price__number" of type "Any". (Type check passed).
[32m2024-07-26 15:44:03 +0200[0m - dagster - [34mDEBUG[0m - __ASSET_JOB - 1a882d91-af60-4f1e-9060-0d871ef3486c - 3638 - dbtfirstproject_dbt_assets - ASSET_CHECK_EVALUATION - DagsterEventType.ASSET_CHECK_EVALUATION for step dbtfirstproject_dbt_assets
[32m2024-07-26 15:44:03 +0200[0m - dagster - [34mDEBUG[0m - __ASSET_JOB - 1a882d91-af60-4f1e-9060-0d871ef3486c - 3638 - dbtfirstproject_dbt_assets - STEP_OUTPUT - Yielded output "dim_listings_w_hosts_dbt_expectations_expect_table_row_count_to_equal_other_table_dim_listings_w_hosts_source_airbnb_listings_" of type "Any". (Type check passed).
[32m2024-07-26 15:44:04 +0200[0m - dagster - [34mINFO[0m - __ASSET_JOB - 1a882d91-af60-4f1e-9060-0d871ef3486c - dbtfirstproject_dbt_assets - Finished dbt command: `dbt build --select fqn:*`.
[32m2024-07-26 15:44:04 +0200[0m - dagster - [34mDEBUG[0m - __ASSET_JOB - 1a882d91-af60-4f1e-9060-0d871ef3486c - 3638 - dbtfirstproject_dbt_assets - STEP_SUCCESS - Finished execution of step "dbtfirstproject_dbt_assets" in 56.24s.
