[32m2024-07-27 04:26:49 +0200[0m - dagster - [34mDEBUG[0m - materialize_dbt_models - 946a7770-a932-4e54-9855-311a6832672e - 7629 - LOGS_CAPTURED - Started capturing logs in process (pid: 7629).
[32m2024-07-27 04:26:50 +0200[0m - dagster - [34mDEBUG[0m - materialize_dbt_models - 946a7770-a932-4e54-9855-311a6832672e - 7629 - dbtfirstproject_dbt_assets - STEP_START - Started execution of step "dbtfirstproject_dbt_assets".
[32m2024-07-27 04:26:50 +0200[0m - dagster - [34mINFO[0m - materialize_dbt_models - 946a7770-a932-4e54-9855-311a6832672e - dbtfirstproject_dbt_assets - A dbt subsetted execution is not being performed. Using the default dbt selection arguments `['--select', 'fqn:*']`.
[32m2024-07-27 04:26:50 +0200[0m - dagster - [34mINFO[0m - materialize_dbt_models - 946a7770-a932-4e54-9855-311a6832672e - dbtfirstproject_dbt_assets - Copying `/Users/daniraouf/Documents/DBT /dbtfirstproject/target/partial_parse.msgpack` to `/Users/daniraouf/Documents/DBT /dbtfirstproject/target/dbtfirstproject_dbt_assets-946a777-3649987/partial_parse.msgpack` to take advantage of partial parsing.
[32m2024-07-27 04:26:50 +0200[0m - dagster - [34mINFO[0m - materialize_dbt_models - 946a7770-a932-4e54-9855-311a6832672e - dbtfirstproject_dbt_assets - Running dbt command: `dbt build --select fqn:*`.
[32m2024-07-27 07:15:36 +0200[0m - dagster - [34mDEBUG[0m - materialize_dbt_models - 946a7770-a932-4e54-9855-311a6832672e - 7629 - dbtfirstproject_dbt_assets - STEP_OUTPUT - Yielded output "seed_dbtfirstproject_seed_full_moon_dates" of type "Nothing". (Type check passed).
[32m2024-07-27 07:15:36 +0200[0m - dagster - [34mDEBUG[0m - materialize_dbt_models - 946a7770-a932-4e54-9855-311a6832672e - 7629 - dbtfirstproject_dbt_assets - ASSET_MATERIALIZATION - Materialized value seed_full_moon_dates.
[32m2024-07-27 07:15:39 +0200[0m - dagster - [34mWARNING[0m - materialize_dbt_models - 946a7770-a932-4e54-9855-311a6832672e - dbtfirstproject_dbt_assets - Logging an `AssetObservation` instead of an `AssetCheckResult` for dbt test `dbt_expectations_source_expect_column_distinct_count_to_equal_airbnb_listings_room_type__4`.

This test was included in Dagster's asset check selection, and was likely executed due to dbt indirect selection.
[32m2024-07-27 07:15:39 +0200[0m - dagster - [34mDEBUG[0m - materialize_dbt_models - 946a7770-a932-4e54-9855-311a6832672e - 7629 - dbtfirstproject_dbt_assets - ASSET_OBSERVATION - DagsterEventType.ASSET_OBSERVATION for step dbtfirstproject_dbt_assets
[32m2024-07-27 07:15:41 +0200[0m - dagster - [34mWARNING[0m - materialize_dbt_models - 946a7770-a932-4e54-9855-311a6832672e - dbtfirstproject_dbt_assets - Logging an `AssetObservation` instead of an `AssetCheckResult` for dbt test `dbt_expectations_source_expect_column_values_to_match_regex_airbnb_listings_price___0_9_0_9_`.

This test was included in Dagster's asset check selection, and was likely executed due to dbt indirect selection.
[32m2024-07-27 07:15:41 +0200[0m - dagster - [34mDEBUG[0m - materialize_dbt_models - 946a7770-a932-4e54-9855-311a6832672e - 7629 - dbtfirstproject_dbt_assets - ASSET_OBSERVATION - DagsterEventType.ASSET_OBSERVATION for step dbtfirstproject_dbt_assets
[32m2024-07-27 07:15:43 +0200[0m - dagster - [34mDEBUG[0m - materialize_dbt_models - 946a7770-a932-4e54-9855-311a6832672e - 7629 - dbtfirstproject_dbt_assets - STEP_OUTPUT - Yielded output "model_dbtfirstproject_dim_hosts_cleansed" of type "Nothing". (Type check passed).
[32m2024-07-27 07:15:43 +0200[0m - dagster - [34mDEBUG[0m - materialize_dbt_models - 946a7770-a932-4e54-9855-311a6832672e - 7629 - dbtfirstproject_dbt_assets - ASSET_MATERIALIZATION - Materialized value dim_hosts_cleansed.
[32m2024-07-27 08:02:14 +0200[0m - dagster - [34mDEBUG[0m - materialize_dbt_models - 946a7770-a932-4e54-9855-311a6832672e - 7629 - dbtfirstproject_dbt_assets - ASSET_CHECK_EVALUATION - DagsterEventType.ASSET_CHECK_EVALUATION for step dbtfirstproject_dbt_assets
[32m2024-07-27 08:02:15 +0200[0m - dagster - [34mDEBUG[0m - materialize_dbt_models - 946a7770-a932-4e54-9855-311a6832672e - 7629 - dbtfirstproject_dbt_assets - STEP_OUTPUT - Yielded output "dim_hosts_cleansed_accepted_values_dim_hosts_cleansed_is_superhost__t__f" of type "Any". (Type check passed).
[32m2024-07-27 08:02:15 +0200[0m - dagster - [34mDEBUG[0m - materialize_dbt_models - 946a7770-a932-4e54-9855-311a6832672e - 7629 - dbtfirstproject_dbt_assets - ASSET_CHECK_EVALUATION - DagsterEventType.ASSET_CHECK_EVALUATION for step dbtfirstproject_dbt_assets
[32m2024-07-27 08:02:15 +0200[0m - dagster - [34mDEBUG[0m - materialize_dbt_models - 946a7770-a932-4e54-9855-311a6832672e - 7629 - dbtfirstproject_dbt_assets - STEP_OUTPUT - Yielded output "dim_hosts_cleansed_not_null_dim_hosts_cleansed_host_id" of type "Any". (Type check passed).
[32m2024-07-27 08:02:16 +0200[0m - dagster - [34mDEBUG[0m - materialize_dbt_models - 946a7770-a932-4e54-9855-311a6832672e - 7629 - dbtfirstproject_dbt_assets - ASSET_CHECK_EVALUATION - DagsterEventType.ASSET_CHECK_EVALUATION for step dbtfirstproject_dbt_assets
[32m2024-07-27 08:02:16 +0200[0m - dagster - [34mDEBUG[0m - materialize_dbt_models - 946a7770-a932-4e54-9855-311a6832672e - 7629 - dbtfirstproject_dbt_assets - STEP_OUTPUT - Yielded output "dim_hosts_cleansed_not_null_dim_hosts_cleansed_host_name" of type "Any". (Type check passed).
[32m2024-07-27 08:02:20 +0200[0m - dagster - [34mDEBUG[0m - materialize_dbt_models - 946a7770-a932-4e54-9855-311a6832672e - 7629 - dbtfirstproject_dbt_assets - ASSET_CHECK_EVALUATION - DagsterEventType.ASSET_CHECK_EVALUATION for step dbtfirstproject_dbt_assets
[32m2024-07-27 08:02:20 +0200[0m - dagster - [34mDEBUG[0m - materialize_dbt_models - 946a7770-a932-4e54-9855-311a6832672e - 7629 - dbtfirstproject_dbt_assets - STEP_OUTPUT - Yielded output "dim_hosts_cleansed_unique_dim_hosts_cleansed_host_id" of type "Any". (Type check passed).
[32m2024-07-27 08:02:22 +0200[0m - dagster - [34mDEBUG[0m - materialize_dbt_models - 946a7770-a932-4e54-9855-311a6832672e - 7629 - dbtfirstproject_dbt_assets - STEP_OUTPUT - Yielded output "model_dbtfirstproject_dim_listings_cleansed" of type "Nothing". (Type check passed).
[32m2024-07-27 08:02:22 +0200[0m - dagster - [34mDEBUG[0m - materialize_dbt_models - 946a7770-a932-4e54-9855-311a6832672e - 7629 - dbtfirstproject_dbt_assets - ASSET_MATERIALIZATION - Materialized value dim_listings_cleansed.
[32m2024-07-27 08:02:24 +0200[0m - dagster - [34mDEBUG[0m - materialize_dbt_models - 946a7770-a932-4e54-9855-311a6832672e - 7629 - dbtfirstproject_dbt_assets - ASSET_CHECK_EVALUATION - DagsterEventType.ASSET_CHECK_EVALUATION for step dbtfirstproject_dbt_assets
[32m2024-07-27 08:02:24 +0200[0m - dagster - [34mDEBUG[0m - materialize_dbt_models - 946a7770-a932-4e54-9855-311a6832672e - 7629 - dbtfirstproject_dbt_assets - STEP_OUTPUT - Yielded output "dim_listings_cleansed_accepted_values_dim_listings_cleansed_room_type__Entire_home_apt__Private_room__Shared_room__Hotel_room" of type "Any". (Type check passed).
[32m2024-07-27 10:04:59 +0200[0m - dagster - [34mDEBUG[0m - materialize_dbt_models - 946a7770-a932-4e54-9855-311a6832672e - 7629 - dbtfirstproject_dbt_assets - ASSET_CHECK_EVALUATION - DagsterEventType.ASSET_CHECK_EVALUATION for step dbtfirstproject_dbt_assets
[32m2024-07-27 10:04:59 +0200[0m - dagster - [34mDEBUG[0m - materialize_dbt_models - 946a7770-a932-4e54-9855-311a6832672e - 7629 - dbtfirstproject_dbt_assets - STEP_OUTPUT - Yielded output "dim_listings_cleansed_dim_listings_minimun_nights" of type "Any". (Type check passed).
[32m2024-07-27 10:05:02 +0200[0m - dagster - [34mDEBUG[0m - materialize_dbt_models - 946a7770-a932-4e54-9855-311a6832672e - 7629 - dbtfirstproject_dbt_assets - ASSET_CHECK_EVALUATION - DagsterEventType.ASSET_CHECK_EVALUATION for step dbtfirstproject_dbt_assets
[32m2024-07-27 10:05:02 +0200[0m - dagster - [34mDEBUG[0m - materialize_dbt_models - 946a7770-a932-4e54-9855-311a6832672e - 7629 - dbtfirstproject_dbt_assets - STEP_OUTPUT - Yielded output "dim_listings_cleansed_no_nulls_in_dim_listings" of type "Any". (Type check passed).
[32m2024-07-27 10:05:04 +0200[0m - dagster - [34mDEBUG[0m - materialize_dbt_models - 946a7770-a932-4e54-9855-311a6832672e - 7629 - dbtfirstproject_dbt_assets - ASSET_CHECK_EVALUATION - DagsterEventType.ASSET_CHECK_EVALUATION for step dbtfirstproject_dbt_assets
[32m2024-07-27 10:05:04 +0200[0m - dagster - [34mDEBUG[0m - materialize_dbt_models - 946a7770-a932-4e54-9855-311a6832672e - 7629 - dbtfirstproject_dbt_assets - STEP_OUTPUT - Yielded output "dim_listings_cleansed_not_null_dim_listings_cleansed_host_id" of type "Any". (Type check passed).
[32m2024-07-27 12:06:53 +0200[0m - dagster - [34mDEBUG[0m - materialize_dbt_models - 946a7770-a932-4e54-9855-311a6832672e - 7629 - dbtfirstproject_dbt_assets - ASSET_CHECK_EVALUATION - DagsterEventType.ASSET_CHECK_EVALUATION for step dbtfirstproject_dbt_assets
[32m2024-07-27 12:06:53 +0200[0m - dagster - [34mDEBUG[0m - materialize_dbt_models - 946a7770-a932-4e54-9855-311a6832672e - 7629 - dbtfirstproject_dbt_assets - STEP_OUTPUT - Yielded output "dim_listings_cleansed_not_null_dim_listings_cleansed_listing_id" of type "Any". (Type check passed).
[32m2024-07-27 12:06:55 +0200[0m - dagster - [34mDEBUG[0m - materialize_dbt_models - 946a7770-a932-4e54-9855-311a6832672e - 7629 - dbtfirstproject_dbt_assets - ASSET_CHECK_EVALUATION - DagsterEventType.ASSET_CHECK_EVALUATION for step dbtfirstproject_dbt_assets
[32m2024-07-27 12:06:55 +0200[0m - dagster - [34mDEBUG[0m - materialize_dbt_models - 946a7770-a932-4e54-9855-311a6832672e - 7629 - dbtfirstproject_dbt_assets - STEP_OUTPUT - Yielded output "dim_listings_cleansed_positive_value_dim_listings_cleansed_minimum_nights" of type "Any". (Type check passed).
[32m2024-07-27 12:06:56 +0200[0m - dagster - [34mDEBUG[0m - materialize_dbt_models - 946a7770-a932-4e54-9855-311a6832672e - 7629 - dbtfirstproject_dbt_assets - ASSET_CHECK_EVALUATION - DagsterEventType.ASSET_CHECK_EVALUATION for step dbtfirstproject_dbt_assets
[32m2024-07-27 12:06:56 +0200[0m - dagster - [34mDEBUG[0m - materialize_dbt_models - 946a7770-a932-4e54-9855-311a6832672e - 7629 - dbtfirstproject_dbt_assets - STEP_OUTPUT - Yielded output "dim_listings_cleansed_relationships_dim_listings_cleansed_host_id__host_id__ref_dim_hosts_cleansed_" of type "Any". (Type check passed).
[32m2024-07-27 12:06:58 +0200[0m - dagster - [34mDEBUG[0m - materialize_dbt_models - 946a7770-a932-4e54-9855-311a6832672e - 7629 - dbtfirstproject_dbt_assets - ASSET_CHECK_EVALUATION - DagsterEventType.ASSET_CHECK_EVALUATION for step dbtfirstproject_dbt_assets
[32m2024-07-27 12:06:58 +0200[0m - dagster - [34mDEBUG[0m - materialize_dbt_models - 946a7770-a932-4e54-9855-311a6832672e - 7629 - dbtfirstproject_dbt_assets - STEP_OUTPUT - Yielded output "dim_listings_cleansed_unique_dim_listings_cleansed_listing_id" of type "Any". (Type check passed).
[32m2024-07-27 12:06:59 +0200[0m - dagster - [34mINFO[0m - materialize_dbt_models - 946a7770-a932-4e54-9855-311a6832672e - dbtfirstproject_dbt_assets - Finished dbt command: `dbt build --select fqn:*`.
[32m2024-07-27 12:06:59 +0200[0m - dagster - [34mERROR[0m - [31mmaterialize_dbt_models - 946a7770-a932-4e54-9855-311a6832672e - 7629 - dbtfirstproject_dbt_assets - STEP_FAILURE - Execution of step "dbtfirstproject_dbt_assets" failed.

dagster_dbt.errors.DagsterDbtCliRuntimeError: The dbt CLI process with command

`dbt build --select fqn:*`

failed with exit code `1`. Check the stdout in the Dagster compute logs for the full information about the error, or view the dbt debug log: /Users/daniraouf/Documents/DBT /dbtfirstproject/target/dbtfirstproject_dbt_assets-946a777-3649987/dbt.log.

Errors parsed from dbt logs:

5 of 29 ERROR creating sql incremental model DEV.fct_reviews ................... [[31mERROR[0m in 2788.65s]

6 of 29 ERROR snapshotting DEV.scd_raw_listings ................................ [[31mERROR[0m in 1.16s]

7 of 29 ERROR accepted_values_dim_hosts_cleansed_is_superhost__t__f ............ [[31mERROR[0m in 1.03s]

8 of 29 ERROR not_null_dim_hosts_cleansed_host_id .............................. [[31mERROR[0m in 1.04s]

9 of 29 ERROR not_null_dim_hosts_cleansed_host_name ............................ [[31mERROR[0m in 1.03s]

  Database Error in model fct_reviews (models/fct/fct_reviews.sql)
  250001: Could not connect to Snowflake backend after 1 attempt(s).Aborting

  Database Error in snapshot scd_raw_listings (snapshots/scd_raw_listings.sql)
  250001: Could not connect to Snowflake backend after 2 attempt(s).Aborting

  Database Error in test accepted_values_dim_hosts_cleansed_is_superhost__t__f (models/schema.yml)
  250001: Could not connect to Snowflake backend after 2 attempt(s).Aborting
  compiled Code at target/dbtfirstproject_dbt_assets-946a777-3649987/run/dbtfirstproject/models/schema.yml/accepted_values_dim_hosts_cleansed_is_superhost__t__f.sql

  Database Error in test not_null_dim_hosts_cleansed_host_id (models/schema.yml)
  250001: Could not connect to Snowflake backend after 2 attempt(s).Aborting
  compiled Code at target/dbtfirstproject_dbt_assets-946a777-3649987/run/dbtfirstproject/models/schema.yml/not_null_dim_hosts_cleansed_host_id.sql

  Database Error in test not_null_dim_hosts_cleansed_host_name (models/schema.yml)
  250001: Could not connect to Snowflake backend after 2 attempt(s).Aborting
  compiled Code at target/dbtfirstproject_dbt_assets-946a777-3649987/run/dbtfirstproject/models/schema.yml/not_null_dim_hosts_cleansed_host_name.sql

Stack Trace:
  File "/Users/daniraouf/Documents/DBT /venv/lib/python3.11/site-packages/dagster/_core/execution/plan/execute_plan.py", line 282, in dagster_event_sequence_for_step
    for step_event in check.generator(step_events):
  File "/Users/daniraouf/Documents/DBT /venv/lib/python3.11/site-packages/dagster/_core/execution/plan/execute_step.py", line 494, in core_dagster_event_sequence_for_step
    for user_event in _step_output_error_checked_user_event_sequence(
  File "/Users/daniraouf/Documents/DBT /venv/lib/python3.11/site-packages/dagster/_core/execution/plan/execute_step.py", line 183, in _step_output_error_checked_user_event_sequence
    for user_event in user_event_sequence:
  File "/Users/daniraouf/Documents/DBT /venv/lib/python3.11/site-packages/dagster/_core/execution/plan/execute_step.py", line 88, in _process_asset_results_to_events
    for user_event in user_event_sequence:
  File "/Users/daniraouf/Documents/DBT /venv/lib/python3.11/site-packages/dagster/_core/execution/plan/compute.py", line 198, in execute_core_compute
    for step_output in _yield_compute_results(step_context, inputs, compute_fn, compute_context):
  File "/Users/daniraouf/Documents/DBT /venv/lib/python3.11/site-packages/dagster/_core/execution/plan/compute.py", line 167, in _yield_compute_results
    for event in iterate_with_context(
  File "/Users/daniraouf/Documents/DBT /venv/lib/python3.11/site-packages/dagster/_utils/__init__.py", line 473, in iterate_with_context
    next_output = next(iterator)
                  ^^^^^^^^^^^^^^
  File "/Users/daniraouf/Documents/DBT /dbt_dagster_project/dbt_dagster_project/assets.py", line 9, in dbtfirstproject_dbt_assets
    yield from dbt.cli(["build"], context=context).stream()
  File "/Users/daniraouf/Documents/DBT /venv/lib/python3.11/site-packages/dagster_dbt/core/resources_v2.py", line 1147, in __next__
    return next(self._inner_iterator)
           ^^^^^^^^^^^^^^^^^^^^^^^^^^
  File "/Users/daniraouf/Documents/DBT /venv/lib/python3.11/site-packages/dagster_dbt/core/resources_v2.py", line 619, in _stream_asset_events
    for event in self.stream_raw_events():
  File "/Users/daniraouf/Documents/DBT /venv/lib/python3.11/site-packages/dagster_dbt/core/resources_v2.py", line 712, in stream_raw_events
    self._raise_on_error()
  File "/Users/daniraouf/Documents/DBT /venv/lib/python3.11/site-packages/dagster_dbt/core/resources_v2.py", line 804, in _raise_on_error
    raise error
[0m
